Sun Nov 27 07:00:00 UTC 2022
Sun Nov 27 08:00:00 UTC 2022
Sun Nov 27 09:00:00 UTC 2022
Sun Nov 27 10:00:00 UTC 2022
Sun Nov 27 11:00:00 UTC 2022
Sun Nov 27 12:00:00 UTC 2022
Sun Nov 27 13:00:00 UTC 2022
Sun Nov 27 14:00:00 UTC 2022
Sun Nov 27 15:00:00 UTC 2022
Sun Nov 27 16:00:00 UTC 2022
Sun Nov 27 17:00:00 UTC 2022
Sun Nov 27 18:00:00 UTC 2022
Mon Nov 28 07:00:00 UTC 2022
Mon Nov 28 08:00:00 UTC 2022
Mon Nov 28 09:00:00 UTC 2022
Mon Nov 28 10:00:00 UTC 2022
Mon Nov 28 11:00:00 UTC 2022
Mon Nov 28 12:00:00 UTC 2022
Mon Nov 28 13:00:00 UTC 2022
Mon Nov 28 14:00:00 UTC 2022
Mon Nov 28 15:00:00 UTC 2022
Mon Nov 28 16:00:00 UTC 2022
Mon Nov 28 17:00:00 UTC 2022
Mon Nov 28 18:00:00 UTC 2022
Tue Nov 29 07:00:00 UTC 2022
Tue Nov 29 08:00:00 UTC 2022
Tue Nov 29 09:00:00 UTC 2022
Tue Nov 29 10:00:00 UTC 2022
Tue Nov 29 11:00:00 UTC 2022
Tue Nov 29 12:00:00 UTC 2022
Tue Nov 29 13:00:00 UTC 2022
Tue Nov 29 14:00:00 UTC 2022
Tue Nov 29 15:00:00 UTC 2022
Tue Nov 29 16:00:00 UTC 2022
Tue Nov 29 17:00:00 UTC 2022
Tue Nov 29 18:00:00 UTC 2022
Wed Nov 30 07:00:00 UTC 2022
Wed Nov 30 08:00:00 UTC 2022
Wed Nov 30 09:00:00 UTC 2022
Wed Nov 30 10:00:00 UTC 2022
Wed Nov 30 11:00:00 UTC 2022
Wed Nov 30 12:00:00 UTC 2022
Wed Nov 30 13:00:00 UTC 2022
Wed Nov 30 14:00:00 UTC 2022
Wed Nov 30 15:00:00 UTC 2022
Wed Nov 30 16:00:00 UTC 2022
Wed Nov 30 17:00:00 UTC 2022
Wed Nov 30 18:00:00 UTC 2022
Thu Dec 01 07:00:00 UTC 2022
Thu Dec 01 08:00:00 UTC 2022
Thu Dec 01 09:00:00 UTC 2022
